#
# A fatal error has been detected by the Java Runtime Environment:
#
#  EXCEPTION_ACCESS_VIOLATION (0xc0000005) at pc=0x000000005d8fe835, pid=15460, tid=0x00000000000011f4
#
# JRE version: Java(TM) SE Runtime Environment (8.0_101-b13) (build 1.8.0_101-b13)
# Java VM: Java HotSpot(TM) 64-Bit Server VM (25.101-b13 mixed mode windows-amd64 compressed oops)
# Problematic frame:
# V  [jvm.dll+0x13e835]
#
# Failed to write core dump. Minidumps are not enabled by default on client versions of Windows
#
# If you would like to submit a bug report, please visit:
#   http://bugreport.java.com/bugreport/crash.jsp
#

---------------  T H R E A D  ---------------

Current thread (0x00000000031e2800):  JavaThread "main" [_thread_in_vm, id=4596, stack(0x00000000030e0000,0x00000000031e0000)]

siginfo: ExceptionCode=0xc0000005, reading address 0x0000000000000000

Registers:
RAX=0x0000000000000000, RBX=0x00000000031e2800, RCX=0x0000000000000280, RDX=0x0000000000000000
RSP=0x00000000031deb30, RBP=0x00000000031ded78, RSI=0x00000000031e29f8, RDI=0x0000000000000000
R8 =0xffffffffa293e650, R9 =0x000000005d6c19df, R10=0x000000000000002f, R11=0x000000000000002f
R12=0x00000000031ded80, R13=0x0000000000000000, R14=0x0000000000000000, R15=0x0000000000000000
RIP=0x000000005d8fe835, EFLAGS=0x0000000000010202

Top of Stack: (sp=0x00000000031deb30)
0x00000000031deb30:   000000005d6c19b0 00000000031e2800
0x00000000031deb40:   00000000031ded78 0000000000000000
0x00000000031deb50:   00000000031e2800 0000000000000000
0x00000000031deb60:   0000000000000000 000000005d6c4be0
0x00000000031deb70:   0000000018289ed0 000000005d6c4c57
0x00000000031deb80:   00000000031e29f8 00000000031ded78
0x00000000031deb90:   0000000000000000 0000000002fd8430
0x00000000031deba0:   0000000017d30b60 00000000031ded80
0x00000000031debb0:   0000000002fdede0 000000005d87b1d6
0x00000000031debc0:   00000000031df988 00000000031e2c60
0x00000000031debd0:   00000000000003d8 00000000031e2c70
0x00000000031debe0:   0000000000000000 0000000000000000
0x00000000031debf0:   0000000000000000 0000000000000000
0x00000000031dec00:   0000000000000000 00000000032f7de6
0x00000000031dec10:   00000000031e2800 00000000031ded80
0x00000000031dec20:   0000000017d30b60 0000000000000000 

Instructions: (pc=0x000000005d8fe835)
0x000000005d8fe815:   89 5c 24 20 48 c7 44 24 28 00 00 00 00 74 0a 48
0x000000005d8fe825:   8d 4c 24 20 e8 d2 cb 13 00 80 3d 3c cb 6c 00 00
0x000000005d8fe835:   48 8b 17 74 15 8b 52 08 8b 0d 5d ff 65 00 48 d3
0x000000005d8fe845:   e2 48 03 15 4b ff 65 00 eb 04 48 8b 52 08 48 8b 


Register to memory mapping:

RAX=0x0000000000000000 is an unknown value
RBX=0x00000000031e2800 is a thread
RCX=0x0000000000000280 is an unknown value
RDX=0x0000000000000000 is an unknown value
RSP=0x00000000031deb30 is pointing into the stack for thread: 0x00000000031e2800
RBP=0x00000000031ded78 is pointing into the stack for thread: 0x00000000031e2800
RSI=0x00000000031e29f8 is an unknown value
RDI=0x0000000000000000 is an unknown value
R8 =0xffffffffa293e650 is an unknown value
R9 =0x000000005d6c19df is an unknown value
R10=0x000000000000002f is an unknown value
R11=0x000000000000002f is an unknown value
R12=0x00000000031ded80 is pointing into the stack for thread: 0x00000000031e2800
R13=0x0000000000000000 is an unknown value
R14=0x0000000000000000 is an unknown value
R15=0x0000000000000000 is an unknown value


Stack: [0x00000000030e0000,0x00000000031e0000],  sp=0x00000000031deb30,  free space=1018k
Native frames: (J=compiled Java code, j=interpreted, Vv=VM code, C=native code)
V  [jvm.dll+0x13e835]
C  [sqljdbc_auth.dll+0x4c57]
C  0x00000000032f7f54

Java frames: (J=compiled Java code, j=interpreted, Vv=VM code)
j  com.microsoft.sqlserver.jdbc.AuthenticationJNI.SNISecGenClientContext([B[I[BI[B[I[ZLjava/lang/String;ILjava/lang/String;Ljava/lang/String;Ljava/util/logging/Logger;)I+0
j  com.microsoft.sqlserver.jdbc.AuthenticationJNI.GenerateClientContext([B[Z)[B+68
j  com.microsoft.sqlserver.jdbc.SQLServerConnection.sendLogon(Lcom/microsoft/sqlserver/jdbc/SQLServerConnection$LogonCommand;Lcom/microsoft/sqlserver/jdbc/SSPIAuthentication;Lcom/microsoft/sqlserver/jdbc/SQLServerConnection$FederatedAuthenticationFeatureExtensionData;)V+322
j  com.microsoft.sqlserver.jdbc.SQLServerConnection.logon(Lcom/microsoft/sqlserver/jdbc/SQLServerConnection$LogonCommand;)V+194
j  com.microsoft.sqlserver.jdbc.SQLServerConnection.access$100(Lcom/microsoft/sqlserver/jdbc/SQLServerConnection;Lcom/microsoft/sqlserver/jdbc/SQLServerConnection$LogonCommand;)V+2
j  com.microsoft.sqlserver.jdbc.SQLServerConnection$LogonCommand.doExecute()Z+5
j  com.microsoft.sqlserver.jdbc.TDSCommand.execute(Lcom/microsoft/sqlserver/jdbc/TDSWriter;Lcom/microsoft/sqlserver/jdbc/TDSReader;)Z+30
j  com.microsoft.sqlserver.jdbc.SQLServerConnection.executeCommand(Lcom/microsoft/sqlserver/jdbc/TDSCommand;)Z+45
j  com.microsoft.sqlserver.jdbc.SQLServerConnection.connectHelper(Lcom/microsoft/sqlserver/jdbc/ServerPortPlaceHolder;IIZZZI)V+229
j  com.microsoft.sqlserver.jdbc.SQLServerConnection.login(Ljava/lang/String;Ljava/lang/String;ILjava/lang/String;Lcom/microsoft/sqlserver/jdbc/FailoverInfo;IJ)V+524
j  com.microsoft.sqlserver.jdbc.SQLServerConnection.connectInternal(Ljava/util/Properties;Lcom/microsoft/sqlserver/jdbc/SQLServerPooledConnection;)Ljava/sql/Connection;+3430
j  com.microsoft.sqlserver.jdbc.SQLServerConnection.connect(Ljava/util/Properties;Lcom/microsoft/sqlserver/jdbc/SQLServerPooledConnection;)Ljava/sql/Connection;+13
j  com.microsoft.sqlserver.jdbc.SQLServerDriver.connect(Ljava/lang/String;Ljava/util/Properties;)Ljava/sql/Connection;+45
j  java.sql.DriverManager.getConnection(Ljava/lang/String;Ljava/util/Properties;Ljava/lang/Class;)Ljava/sql/Connection;+171
j  java.sql.DriverManager.getConnection(Ljava/lang/String;)Ljava/sql/Connection;+13
j  op.sql.SqlManager.connectToDatabase()V+15
j  op.Main.main([Ljava/lang/String;)V+0
v  ~StubRoutines::call_stub

---------------  P R O C E S S  ---------------

Java Threads: ( => current thread )
  0x000000001a23a000 JavaThread "Service Thread" daemon [_thread_blocked, id=9584, stack(0x000000001ad80000,0x000000001ae80000)]
  0x000000001a1b4000 JavaThread "C1 CompilerThread3" daemon [_thread_blocked, id=9084, stack(0x000000001ac80000,0x000000001ad80000)]
  0x000000001a1a4000 JavaThread "C2 CompilerThread2" daemon [_thread_blocked, id=9148, stack(0x000000001ab80000,0x000000001ac80000)]
  0x000000001a19f000 JavaThread "C2 CompilerThread1" daemon [_thread_blocked, id=2860, stack(0x000000001aa80000,0x000000001ab80000)]
  0x000000001a19d000 JavaThread "C2 CompilerThread0" daemon [_thread_blocked, id=10160, stack(0x000000001a980000,0x000000001aa80000)]
  0x000000001a19b000 JavaThread "Attach Listener" daemon [_thread_blocked, id=14892, stack(0x000000001a880000,0x000000001a980000)]
  0x000000001a19a000 JavaThread "Signal Dispatcher" daemon [_thread_blocked, id=16948, stack(0x000000001a780000,0x000000001a880000)]
  0x000000001a190800 JavaThread "Finalizer" daemon [_thread_blocked, id=3672, stack(0x000000001a570000,0x000000001a670000)]
  0x000000001828d800 JavaThread "Reference Handler" daemon [_thread_blocked, id=17116, stack(0x000000001a070000,0x000000001a170000)]
=>0x00000000031e2800 JavaThread "main" [_thread_in_vm, id=4596, stack(0x00000000030e0000,0x00000000031e0000)]

Other Threads:
  0x0000000018289000 VMThread [stack: 0x0000000019f70000,0x000000001a070000] [id=9756]
  0x000000001a250000 WatcherThread [stack: 0x000000001ae80000,0x000000001af80000] [id=10708]

VM state:not at safepoint (normal execution)

VM Mutex/Monitor currently owned by a thread: None

Heap:
 PSYoungGen      total 38400K, used 17371K [0x00000000d5d00000, 0x00000000d8780000, 0x0000000100000000)
  eden space 33280K, 52% used [0x00000000d5d00000,0x00000000d6df6d88,0x00000000d7d80000)
  from space 5120K, 0% used [0x00000000d8280000,0x00000000d8280000,0x00000000d8780000)
  to   space 5120K, 0% used [0x00000000d7d80000,0x00000000d7d80000,0x00000000d8280000)
 ParOldGen       total 87552K, used 0K [0x0000000081600000, 0x0000000086b80000, 0x00000000d5d00000)
  object space 87552K, 0% used [0x0000000081600000,0x0000000081600000,0x0000000086b80000)
 Metaspace       used 9139K, capacity 9286K, committed 9600K, reserved 1058816K
  class space    used 1031K, capacity 1089K, committed 1152K, reserved 1048576K

Card table byte_map: [0x00000000126a0000,0x0000000012aa0000] byte_map_base: 0x0000000012295000

Marking Bits: (ParMarkBitMap*) 0x000000005dfda6d0
 Begin Bits: [0x0000000013550000, 0x00000000154f8000)
 End Bits:   [0x00000000154f8000, 0x00000000174a0000)

Polling page: 0x0000000001810000

CodeCache: size=245760Kb used=2879Kb max_used=2882Kb free=242880Kb
 bounds [0x00000000032e0000, 0x00000000035c0000, 0x00000000122e0000]
 total_blobs=1119 nmethods=768 adapters=264
 compilation: enabled

Compilation events (10 events):
Event: 0.664 Thread 0x000000001a1b4000 nmethod 764 0x00000000035acc90 code [0x00000000035ace60, 0x00000000035ad578]
Event: 0.665 Thread 0x000000001a19d000 nmethod 747 0x00000000035b0bd0 code [0x00000000035b0d40, 0x00000000035b1438]
Event: 0.669 Thread 0x000000001a1b4000  765       3       sun.security.provider.DigestBase::engineReset (25 bytes)
Event: 0.669 Thread 0x000000001a1b4000 nmethod 765 0x00000000035b0510 code [0x00000000035b0680, 0x00000000035b0908]
Event: 0.670 Thread 0x000000001a1b4000  766   !   3       sun.reflect.GeneratedConstructorAccessor1::newInstance (49 bytes)
Event: 0.671 Thread 0x000000001a1b4000 nmethod 766 0x00000000035af390 code [0x00000000035af560, 0x00000000035afae8]
Event: 0.672 Thread 0x000000001a1b4000  767       3       java.util.ArrayList$Itr::hasNext (20 bytes)
Event: 0.672 Thread 0x000000001a1b4000 nmethod 767 0x00000000035aed90 code [0x00000000035aeee0, 0x00000000035af0b0]
Event: 0.674 Thread 0x000000001a1b4000  768       1       java.util.logging.Logger::getName (5 bytes)
Event: 0.674 Thread 0x000000001a1b4000 nmethod 768 0x00000000035ae610 code [0x00000000035ae760, 0x00000000035ae870]

GC Heap History (0 events):
No events

Deoptimization events (7 events):
Event: 0.235 Thread 0x00000000031e2800 Uncommon trap: reason=unstable_if action=reinterpret pc=0x000000000342c4b0 method=java.lang.String.indexOf([CII[CIII)I @ 123
Event: 0.433 Thread 0x00000000031e2800 Uncommon trap: reason=unstable_if action=reinterpret pc=0x0000000003415ae8 method=java.lang.String.startsWith(Ljava/lang/String;I)Z @ 25
Event: 0.503 Thread 0x00000000031e2800 Uncommon trap: reason=unstable_if action=reinterpret pc=0x000000000349ff5c method=java.lang.CharacterDataLatin1.digit(II)I @ 82
Event: 0.590 Thread 0x00000000031e2800 Uncommon trap: reason=bimorphic action=maybe_recompile pc=0x00000000035149f8 method=java.util.regex.Pattern$BmpCharProperty.match(Ljava/util/regex/Matcher;ILjava/lang/CharSequence;)Z @ 31
Event: 0.590 Thread 0x00000000031e2800 Uncommon trap: reason=bimorphic action=maybe_recompile pc=0x00000000035149f8 method=java.util.regex.Pattern$BmpCharProperty.match(Ljava/util/regex/Matcher;ILjava/lang/CharSequence;)Z @ 31
Event: 0.590 Thread 0x00000000031e2800 Uncommon trap: reason=bimorphic action=maybe_recompile pc=0x00000000035149f8 method=java.util.regex.Pattern$BmpCharProperty.match(Ljava/util/regex/Matcher;ILjava/lang/CharSequence;)Z @ 31
Event: 0.590 Thread 0x00000000031e2800 Uncommon trap: reason=bimorphic action=maybe_recompile pc=0x00000000035149f8 method=java.util.regex.Pattern$BmpCharProperty.match(Ljava/util/regex/Matcher;ILjava/lang/CharSequence;)Z @ 31

Internal exceptions (10 events):
Event: 0.264 Thread 0x00000000031e2800 Exception <a 'java/security/PrivilegedActionException'> (0x00000000d6135b98) thrown at [C:\re\workspace\8-2-build-windows-amd64-cygwin\jdk8u101\7261\hotspot\src\share\vm\prims\jvm.cpp, line 1386]
Event: 0.264 Thread 0x00000000031e2800 Exception <a 'java/security/PrivilegedActionException'> (0x00000000d6135f90) thrown at [C:\re\workspace\8-2-build-windows-amd64-cygwin\jdk8u101\7261\hotspot\src\share\vm\prims\jvm.cpp, line 1386]
Event: 0.264 Thread 0x00000000031e2800 Exception <a 'java/security/PrivilegedActionException'> (0x00000000d61374b8) thrown at [C:\re\workspace\8-2-build-windows-amd64-cygwin\jdk8u101\7261\hotspot\src\share\vm\prims\jvm.cpp, line 1386]
Event: 0.264 Thread 0x00000000031e2800 Exception <a 'java/security/PrivilegedActionException'> (0x00000000d61378b0) thrown at [C:\re\workspace\8-2-build-windows-amd64-cygwin\jdk8u101\7261\hotspot\src\share\vm\prims\jvm.cpp, line 1386]
Event: 0.264 Thread 0x00000000031e2800 Exception <a 'java/security/PrivilegedActionException'> (0x00000000d6138e50) thrown at [C:\re\workspace\8-2-build-windows-amd64-cygwin\jdk8u101\7261\hotspot\src\share\vm\prims\jvm.cpp, line 1386]
Event: 0.264 Thread 0x00000000031e2800 Exception <a 'java/security/PrivilegedActionException'> (0x00000000d6139248) thrown at [C:\re\workspace\8-2-build-windows-amd64-cygwin\jdk8u101\7261\hotspot\src\share\vm\prims\jvm.cpp, line 1386]
Event: 0.265 Thread 0x00000000031e2800 Exception <a 'java/security/PrivilegedActionException'> (0x00000000d613a770) thrown at [C:\re\workspace\8-2-build-windows-amd64-cygwin\jdk8u101\7261\hotspot\src\share\vm\prims\jvm.cpp, line 1386]
Event: 0.265 Thread 0x00000000031e2800 Exception <a 'java/security/PrivilegedActionException'> (0x00000000d613ab68) thrown at [C:\re\workspace\8-2-build-windows-amd64-cygwin\jdk8u101\7261\hotspot\src\share\vm\prims\jvm.cpp, line 1386]
Event: 0.489 Thread 0x00000000031e2800 Exception <a 'java/lang/NoSuchFieldError': method resolution failed> (0x00000000d65e2fc0) thrown at [C:\re\workspace\8-2-build-windows-amd64-cygwin\jdk8u101\7261\hotspot\src\share\vm\prims\methodHandles.cpp, line 1146]
Event: 0.490 Thread 0x00000000031e2800 Exception <a 'java/lang/NoSuchFieldError': method resolution failed> (0x00000000d65f06b0) thrown at [C:\re\workspace\8-2-build-windows-amd64-cygwin\jdk8u101\7261\hotspot\src\share\vm\prims\methodHandles.cpp, line 1146]

Events (10 events):
Event: 0.671 loading class sun/security/internal/spec/TlsKeyMaterialSpec
Event: 0.671 loading class sun/security/internal/spec/TlsKeyMaterialSpec done
Event: 0.671 loading class sun/security/ssl/HandshakeMessage$Finished
Event: 0.671 loading class sun/security/ssl/HandshakeMessage$Finished done
Event: 0.671 loading class sun/security/internal/spec/TlsPrfParameterSpec
Event: 0.671 loading class sun/security/internal/spec/TlsPrfParameterSpec done
Event: 0.671 loading class com/sun/crypto/provider/TlsPrfGenerator$V12
Event: 0.671 loading class com/sun/crypto/provider/TlsPrfGenerator$V12 done
Event: 0.672 loading class sun/security/ssl/CipherBox$1
Event: 0.672 loading class sun/security/ssl/CipherBox$1 done


Dynamic libraries:
0x00007ff634eb0000 - 0x00007ff634ee7000 	C:\Program Files\Java\jre1.8.0_101\bin\javaw.exe
0x00007ffe7c500000 - 0x00007ffe7c6db000 	C:\WINDOWS\SYSTEM32\ntdll.dll
0x00007ffe79a60000 - 0x00007ffe79b0e000 	C:\WINDOWS\System32\KERNEL32.DLL
0x00007ffe79500000 - 0x00007ffe79749000 	C:\WINDOWS\System32\KERNELBASE.dll
0x00007ffe79d40000 - 0x00007ffe79de1000 	C:\WINDOWS\System32\ADVAPI32.dll
0x00007ffe79b10000 - 0x00007ffe79bad000 	C:\WINDOWS\System32\msvcrt.dll
0x00007ffe7c220000 - 0x00007ffe7c279000 	C:\WINDOWS\System32\sechost.dll
0x00007ffe79c10000 - 0x00007ffe79d35000 	C:\WINDOWS\System32\RPCRT4.dll
0x00007ffe79f80000 - 0x00007ffe7a0ca000 	C:\WINDOWS\System32\USER32.dll
0x00007ffe78a70000 - 0x00007ffe78a8e000 	C:\WINDOWS\System32\win32u.dll
0x00007ffe7c360000 - 0x00007ffe7c387000 	C:\WINDOWS\System32\GDI32.dll
0x00007ffe797c0000 - 0x00007ffe79947000 	C:\WINDOWS\System32\gdi32full.dll
0x00007ffe78a90000 - 0x00007ffe78b2a000 	C:\WINDOWS\System32\msvcp_win.dll
0x00007ffe78d00000 - 0x00007ffe78df6000 	C:\WINDOWS\System32\ucrtbase.dll
0x00007ffe603e0000 - 0x00007ffe60647000 	C:\WINDOWS\WinSxS\amd64_microsoft.windows.common-controls_6595b64144ccf1df_6.0.15063.483_none_26002d27e7c744a2\COMCTL32.dll
0x00007ffe7be60000 - 0x00007ffe7c159000 	C:\WINDOWS\System32\combase.dll
0x00007ffe79750000 - 0x00007ffe797ba000 	C:\WINDOWS\System32\bcryptPrimitives.dll
0x00007ffe79f50000 - 0x00007ffe79f7d000 	C:\WINDOWS\System32\IMM32.DLL
0x000000005d540000 - 0x000000005d612000 	C:\Program Files\Java\jre1.8.0_101\bin\msvcr100.dll
0x000000005d7c0000 - 0x000000005e05a000 	C:\Program Files\Java\jre1.8.0_101\bin\server\jvm.dll
0x00007ffe7c280000 - 0x00007ffe7c288000 	C:\WINDOWS\System32\PSAPI.DLL
0x00007ffe59320000 - 0x00007ffe59329000 	C:\WINDOWS\SYSTEM32\WSOCK32.dll
0x00007ffe70410000 - 0x00007ffe70433000 	C:\WINDOWS\SYSTEM32\WINMM.dll
0x00007ffe6f690000 - 0x00007ffe6f69a000 	C:\WINDOWS\SYSTEM32\VERSION.dll
0x00007ffe7c2f0000 - 0x00007ffe7c35c000 	C:\WINDOWS\System32\WS2_32.dll
0x00007ffe703e0000 - 0x00007ffe7040b000 	C:\WINDOWS\SYSTEM32\winmmbase.dll
0x00007ffe78a20000 - 0x00007ffe78a69000 	C:\WINDOWS\System32\cfgmgr32.dll
0x000000005d7b0000 - 0x000000005d7bf000 	C:\Program Files\Java\jre1.8.0_101\bin\verify.dll
0x000000005d780000 - 0x000000005d7a9000 	C:\Program Files\Java\jre1.8.0_101\bin\java.dll
0x000000005d760000 - 0x000000005d776000 	C:\Program Files\Java\jre1.8.0_101\bin\zip.dll
0x00007ffe7aa20000 - 0x00007ffe7be57000 	C:\WINDOWS\System32\SHELL32.dll
0x00007ffe7c170000 - 0x00007ffe7c21a000 	C:\WINDOWS\System32\shcore.dll
0x00007ffe78e00000 - 0x00007ffe794f1000 	C:\WINDOWS\System32\windows.storage.dll
0x00007ffe7c290000 - 0x00007ffe7c2e1000 	C:\WINDOWS\System32\shlwapi.dll
0x00007ffe78990000 - 0x00007ffe789a1000 	C:\WINDOWS\System32\kernel.appcore.dll
0x00007ffe789d0000 - 0x00007ffe78a1c000 	C:\WINDOWS\System32\powrprof.dll
0x00007ffe789b0000 - 0x00007ffe789c5000 	C:\WINDOWS\System32\profapi.dll
0x000000005d740000 - 0x000000005d75a000 	C:\Program Files\Java\jre1.8.0_101\bin\net.dll
0x00007ffe78280000 - 0x00007ffe782dc000 	C:\WINDOWS\system32\mswsock.dll
0x00007ffe78060000 - 0x00007ffe78104000 	C:\WINDOWS\SYSTEM32\DNSAPI.dll
0x00007ffe7c160000 - 0x00007ffe7c168000 	C:\WINDOWS\System32\NSI.dll
0x00007ffe78020000 - 0x00007ffe78057000 	C:\WINDOWS\SYSTEM32\IPHLPAPI.DLL
0x00007ffe6c140000 - 0x00007ffe6c14a000 	C:\Windows\System32\rasadhlp.dll
0x00007ffe72b10000 - 0x00007ffe72b7b000 	C:\WINDOWS\System32\fwpuclnt.dll
0x00007ffe78530000 - 0x00007ffe78555000 	C:\WINDOWS\SYSTEM32\bcrypt.dll
0x00007ffe78420000 - 0x00007ffe78437000 	C:\WINDOWS\SYSTEM32\CRYPTSP.dll
0x00007ffe77ea0000 - 0x00007ffe77ed4000 	C:\WINDOWS\system32\rsaenh.dll
0x00007ffe788a0000 - 0x00007ffe788c9000 	C:\WINDOWS\SYSTEM32\USERENV.dll
0x00007ffe78440000 - 0x00007ffe7844b000 	C:\WINDOWS\SYSTEM32\CRYPTBASE.dll
0x00007ffe73b40000 - 0x00007ffe73b56000 	C:\WINDOWS\SYSTEM32\dhcpcsvc6.DLL
0x00007ffe73ee0000 - 0x00007ffe73efa000 	C:\WINDOWS\SYSTEM32\dhcpcsvc.DLL
0x000000005d720000 - 0x000000005d731000 	C:\Program Files\Java\jre1.8.0_101\bin\nio.dll
0x000000005d6f0000 - 0x000000005d714000 	C:\Program Files\Java\jre1.8.0_101\bin\sunec.dll
0x000000005d6e0000 - 0x000000005d6eb000 	C:\Program Files\Java\jre1.8.0_101\bin\sunmscapi.dll
0x00007ffe78b30000 - 0x00007ffe78cf9000 	C:\WINDOWS\System32\CRYPT32.dll
0x00007ffe78970000 - 0x00007ffe78981000 	C:\WINDOWS\System32\MSASN1.dll
0x00007ffe5e520000 - 0x00007ffe5e536000 	C:\WINDOWS\system32\napinsp.dll
0x00007ffe5e310000 - 0x00007ffe5e32a000 	C:\WINDOWS\system32\pnrpnsp.dll
0x00007ffe74c20000 - 0x00007ffe74c38000 	C:\WINDOWS\system32\NLAapi.dll
0x00007ffe5e2c0000 - 0x00007ffe5e2ce000 	C:\WINDOWS\System32\winrnr.dll
0x00007ffe5e2a0000 - 0x00007ffe5e2b5000 	C:\WINDOWS\System32\wshbth.dll
0x000000005d6c0000 - 0x000000005d6d9000 	C:\Program Files\Java\jre1.8.0_101\bin\sqljdbc_auth.dll
0x00007ffe710d0000 - 0x00007ffe710dc000 	C:\WINDOWS\system32\secur32.dll
0x00007ffe78870000 - 0x00007ffe788a0000 	C:\WINDOWS\SYSTEM32\SSPICLI.DLL
0x00007ffe78330000 - 0x00007ffe7841d000 	C:\WINDOWS\system32\kerberos.DLL
0x00007ffe78210000 - 0x00007ffe78279000 	C:\WINDOWS\system32\msv1_0.DLL
0x00007ffe78200000 - 0x00007ffe7820c000 	C:\WINDOWS\SYSTEM32\NtlmShared.dll
0x00007ffe782e0000 - 0x00007ffe782f4000 	C:\WINDOWS\SYSTEM32\cryptdll.dll
0x00007ffe59430000 - 0x00007ffe59458000 	C:\WINDOWS\system32\ntdsapi.dll
0x00007ffe74450000 - 0x00007ffe7445d000 	C:\WINDOWS\SYSTEM32\DSPARSE.DLL
0x00007ffe746b0000 - 0x00007ffe74859000 	C:\WINDOWS\SYSTEM32\dbghelp.dll

VM Arguments:
jvm_args: -Dfile.encoding=Cp1252 
java_command: op.Main
java_class_path (initial): D:\Documenten\GitHub\Outdoor-Paradise\OutdoorParadise\target\classes;C:\Users\Robin\.m2\repository\com\google\code\gson\gson\2.8.2\gson-2.8.2.jar;C:\Users\Robin\.m2\repository\com\microsoft\sqlserver\mssql-jdbc\6.1.0.jre8\mssql-jdbc-6.1.0.jre8.jar;C:\Users\Robin\.m2\repository\com\microsoft\azure\azure-keyvault\0.9.3\azure-keyvault-0.9.3.jar;C:\Users\Robin\.m2\repository\com\microsoft\azure\azure-core\0.9.3\azure-core-0.9.3.jar;C:\Users\Robin\.m2\repository\commons-codec\commons-codec\1.10\commons-codec-1.10.jar;C:\Users\Robin\.m2\repository\commons-lang\commons-lang\2.6\commons-lang-2.6.jar;C:\Users\Robin\.m2\repository\javax\mail\mail\1.4.5\mail-1.4.5.jar;C:\Users\Robin\.m2\repository\javax\activation\activation\1.1\activation-1.1.jar;C:\Users\Robin\.m2\repository\com\sun\jersey\jersey-client\1.13\jersey-client-1.13.jar;C:\Users\Robin\.m2\repository\com\sun\jersey\jersey-core\1.13\jersey-core-1.13.jar;C:\Users\Robin\.m2\repository\com\sun\jersey\jersey-json\1.13\jersey-json-1.13.jar;C:\Users\Robin\.m2\repository\org\codehaus\jettison\jettison\1.1\jettison-1.1.jar;C:\Users\Robin\.m2\repository\stax\stax-api\1.0.1\stax-api-1.0.1.jar;C:\Users\Robin\.m2\repository\com\sun\xml\bind\jaxb-impl\2.2.3-1\jaxb-impl-2.2.3-1.jar;C:\Users\Robin\.m2\repository\javax\xml\bind\jaxb-api\2.2.2\jaxb-api-2.2.2.jar;C:\Users\Robin\.m2\repository\javax\xml\stream\stax-api\1.0-2\stax-api-1.0-2.jar;C:\Users\Robin\.m2\repository\org\codehaus\jackson\jackson-core-asl\1.9.2\jackson-core-asl-1.9.2.jar;C:\Users\Robin\.m2\repository\org\codehaus\jackson\jackson-mapper-asl\1.9.2\jackson-mapper-asl-1.9.2.jar;C:\Users\Robin\.m2\repository\org\codehaus\jackson\jackson-jaxrs\1.9.2\jackson-jaxrs-1.9.2.jar;C:\Users\Robin\.m2\repository\org\codehaus\jackson\jackson-xc\1.9.2\jackson-xc-1.9.2.jar;C:\Users\Robin\.m2\repository\org\apache\httpcomponents\httpclient\4.3.6\httpclient-4.3.6.jar;C:\Users\Robin\.m2\repository\org\apache\httpcomponents\httpcore\4.3.3\httpcore-4.3.3.jar
Launcher Type: SUN_STANDARD

Environment Variables:
JAVA_HOME=C:\Program Files\Java\jdk1.8.0_101
USERNAME=Robin
OS=Windows_NT
PROCESSOR_IDENTIFIER=Intel64 Family 6 Model 94 Stepping 3, GenuineIntel



---------------  S Y S T E M  ---------------

OS: Windows 10.0 , 64 bit Build 15063 (10.0.15063.296)

CPU:total 8 (4 cores per cpu, 2 threads per core) family 6 model 94 stepping 3, cmov, cx8, fxsr, mmx, sse, sse2, sse3, ssse3, sse4.1, sse4.2, popcnt, avx, avx2, aes, clmul, erms, rtm, 3dnowpref, lzcnt, ht, tsc, tscinvbit, bmi1, bmi2, adx

Memory: 4k page, physical 8297060k(3200128k free), swap 9607780k(3168284k free)

vm_info: Java HotSpot(TM) 64-Bit Server VM (25.101-b13) for windows-amd64 JRE (1.8.0_101-b13), built on Jun 22 2016 01:21:29 by "java_re" with MS VC++ 10.0 (VS2010)

time: Tue Mar 27 13:17:18 2018
elapsed time: 0 seconds (0d 0h 0m 0s)

